<?xml version="1.0"?>
<!DOCTYPE coverage SYSTEM "http://cobertura.sourceforge.net/xml/coverage-04.dtd">
<coverage line-rate="0.7500000000000000" branch-rate="1.0000000000000000" lines-covered="60" lines-valid="80" branches-covered="0" branches-valid="0" complexity="0.0" timestamp="1460926354" version="Slather 2.1.0">
  <sources>
    <source>/Users/civetta/Works/Personal/slather/viteinfinite-slather</source>
  </sources>
  <packages>
    <package name="spec.fixtures.fixtures" line-rate="0.5000000000000000" branch-rate="1.0000000000000000" complexity="0.0">
      <classes>
        <class name="fixtures.m" filename="spec/fixtures/fixtures/fixtures.m" line-rate="0.5000000000000000" branch-rate="1.0000000000000000" complexity="0.0">
          <methods/>
          <lines>
            <line number="14" branch="false" hits="1"/>
            <line number="15" branch="false" hits="1"/>
            <line number="16" branch="false" hits="1"/>
            <line number="19" branch="false" hits="0"/>
            <line number="20" branch="false" hits="0"/>
            <line number="21" branch="false" hits="0"/>
          </lines>
        </class>
      </classes>
    </package>
    <package name="spec.fixtures.fixtures.more_files" line-rate="0.4333333333333333" branch-rate="1.0000000000000000" complexity="0.0">
      <classes>
        <class name="Branches.m" filename="spec/fixtures/fixtures/more_files/Branches.m" line-rate="0.4333333333333333" branch-rate="1.0000000000000000" complexity="0.0">
          <methods/>
          <lines>
            <line number="14" branch="false" hits="2"/>
            <line number="15" branch="false" hits="2"/>
            <line number="16" branch="false" hits="1"/>
            <line number="17" branch="false" hits="1"/>
            <line number="18" branch="false" hits="1"/>
            <line number="19" branch="false" hits="0"/>
            <line number="20" branch="false" hits="0"/>
            <line number="21" branch="false" hits="1"/>
            <line number="22" branch="false" hits="1"/>
            <line number="23" branch="false" hits="1"/>
            <line number="24" branch="false" hits="2"/>
            <line number="25" branch="false" hits="2"/>
            <line number="26" branch="false" hits="2"/>
            <line number="27" branch="false" hits="2"/>
            <line number="28" branch="false" hits="2"/>
            <line number="29" branch="false" hits="0"/>
            <line number="30" branch="false" hits="0"/>
            <line number="31" branch="false" hits="0"/>
            <line number="32" branch="false" hits="0"/>
            <line number="33" branch="false" hits="0"/>
            <line number="34" branch="false" hits="0"/>
            <line number="35" branch="false" hits="0"/>
            <line number="36" branch="false" hits="0"/>
            <line number="37" branch="false" hits="0"/>
            <line number="38" branch="false" hits="0"/>
            <line number="39" branch="false" hits="0"/>
            <line number="40" branch="false" hits="0"/>
            <line number="41" branch="false" hits="0"/>
            <line number="42" branch="false" hits="0"/>
            <line number="43" branch="false" hits="0"/>
          </lines>
        </class>
      </classes>
    </package>
    <package name="spec.fixtures.fixturesTests" line-rate="1.0000000000000000" branch-rate="1.0000000000000000" complexity="0.0">
      <classes>
        <class name="BranchesTests.m" filename="spec/fixtures/fixturesTests/BranchesTests.m" line-rate="1.0000000000000000" branch-rate="1.0000000000000000" complexity="0.0">
          <methods/>
          <lines>
            <line number="18" branch="false" hits="2"/>
            <line number="19" branch="false" hits="2"/>
            <line number="20" branch="false" hits="2"/>
            <line number="21" branch="false" hits="2"/>
            <line number="23" branch="false" hits="2"/>
            <line number="24" branch="false" hits="2"/>
            <line number="25" branch="false" hits="2"/>
            <line number="26" branch="false" hits="2"/>
            <line number="28" branch="false" hits="1"/>
            <line number="29" branch="false" hits="1"/>
            <line number="30" branch="false" hits="1"/>
            <line number="31" branch="false" hits="1"/>
            <line number="33" branch="false" hits="1"/>
            <line number="34" branch="false" hits="1"/>
            <line number="35" branch="false" hits="1"/>
            <line number="36" branch="false" hits="1"/>
          </lines>
        </class>
        <class name="fixturesTests.m" filename="spec/fixtures/fixturesTests/fixturesTests.m" line-rate="1.0000000000000000" branch-rate="1.0000000000000000" complexity="0.0">
          <methods/>
          <lines>
            <line number="20" branch="false" hits="2"/>
            <line number="21" branch="false" hits="2"/>
            <line number="22" branch="false" hits="2"/>
            <line number="23" branch="false" hits="2"/>
            <line number="26" branch="false" hits="2"/>
            <line number="27" branch="false" hits="2"/>
            <line number="28" branch="false" hits="2"/>
            <line number="29" branch="false" hits="2"/>
            <line number="32" branch="false" hits="1"/>
            <line number="33" branch="false" hits="1"/>
            <line number="34" branch="false" hits="1"/>
            <line number="35" branch="false" hits="1"/>
            <line number="38" branch="false" hits="1"/>
            <line number="39" branch="false" hits="1"/>
            <line number="40" branch="false" hits="1"/>
            <line number="41" branch="false" hits="1"/>
            <line number="42" branch="false" hits="1"/>
          </lines>
        </class>
        <class name="peekaviewTests.m" filename="spec/fixtures/fixturesTests/peekaviewTests.m" line-rate="1.0000000000000000" branch-rate="1.0000000000000000" complexity="0.0">
          <methods/>
          <lines>
            <line number="18" branch="false" hits="1"/>
            <line number="19" branch="false" hits="1"/>
            <line number="20" branch="false" hits="1"/>
            <line number="21" branch="false" hits="1"/>
            <line number="24" branch="false" hits="1"/>
            <line number="25" branch="false" hits="1"/>
            <line number="26" branch="false" hits="1"/>
            <line number="27" branch="false" hits="1"/>
            <line number="30" branch="false" hits="1"/>
            <line number="31" branch="false" hits="1"/>
            <line number="32" branch="false" hits="1"/>
          </lines>
        </class>
      </classes>
    </package>
  </packages>
</coverage>
